<?xml version="1.0" encoding="UTF-8" ?>
<testsuite errors="0" failures="0" hostname="Mahes-MacBook-Pro.local" name="com.quickpm.AuthControllerSpec" tests="5" time="0.577" timestamp="2014-12-25T00:48:36">
  <properties />
  <testcase classname="com.quickpm.AuthControllerSpec" name="test index" time="0.252" />
  <testcase classname="com.quickpm.AuthControllerSpec" name="test login" time="0.053" />
  <testcase classname="com.quickpm.AuthControllerSpec" name="test signIn as Admin" time="0.106" />
  <testcase classname="com.quickpm.AuthControllerSpec" name="test signIn as PM" time="0.075" />
  <testcase classname="com.quickpm.AuthControllerSpec" name="test signIn as TM" time="0.072" />
  <system-out><![CDATA[--Output from test index--
--Output from test login--
--Output from test signIn as Admin--
--Output from test signIn as PM--
--Output from test signIn as TM--
]]></system-out>
  <system-err><![CDATA[--Output from test index--
--Output from test login--
--Output from test signIn as Admin--
--Output from test signIn as PM--
--Output from test signIn as TM--
]]></system-err>
</testsuite>
