<?xml version="1.0" encoding="UTF-8" ?>
<testsuite errors="0" failures="0" hostname="Mahes-MacBook-Pro.local" name="com.quickpm.PMControllerSpec" tests="20" time="1.275" timestamp="2014-12-25T00:48:41">
  <properties />
  <testcase classname="com.quickpm.PMControllerSpec" name="test home" time="0.22" />
  <testcase classname="com.quickpm.PMControllerSpec" name="test gantt" time="0.1" />
  <testcase classname="com.quickpm.PMControllerSpec" name="test gantt a user is logged in who is not the PM of this project" time="0.235" />
  <testcase classname="com.quickpm.PMControllerSpec" name="test changePassword" time="0.042" />
  <testcase classname="com.quickpm.PMControllerSpec" name="test addUser" time="0.041" />
  <testcase classname="com.quickpm.PMControllerSpec" name="test addProject" time="0.04" />
  <testcase classname="com.quickpm.PMControllerSpec" name="test getProject" time="0.054" />
  <testcase classname="com.quickpm.PMControllerSpec" name="test updateProject" time="0.042" />
  <testcase classname="com.quickpm.PMControllerSpec" name="test getGroup" time="0.041" />
  <testcase classname="com.quickpm.PMControllerSpec" name="test addGroup" time="0.039" />
  <testcase classname="com.quickpm.PMControllerSpec" name="test updateGroup" time="0.039" />
  <testcase classname="com.quickpm.PMControllerSpec" name="test deleteGroup" time="0.042" />
  <testcase classname="com.quickpm.PMControllerSpec" name="test getTask" time="0.04" />
  <testcase classname="com.quickpm.PMControllerSpec" name="test addTask" time="0.037" />
  <testcase classname="com.quickpm.PMControllerSpec" name="test updateTask" time="0.039" />
  <testcase classname="com.quickpm.PMControllerSpec" name="test deleteTask" time="0.04" />
  <testcase classname="com.quickpm.PMControllerSpec" name="test getMilestone" time="0.04" />
  <testcase classname="com.quickpm.PMControllerSpec" name="test addMilestone" time="0.043" />
  <testcase classname="com.quickpm.PMControllerSpec" name="test updateMilestone" time="0.041" />
  <testcase classname="com.quickpm.PMControllerSpec" name="test deleteMilestone" time="0.038" />
  <system-out><![CDATA[--Output from test home--
--Output from test gantt--
--Output from test gantt a user is logged in who is not the PM of this project--
--Output from test changePassword--
--Output from test addUser--
--Output from test addProject--
--Output from test getProject--
--Output from test updateProject--
--Output from test getGroup--
--Output from test addGroup--
--Output from test updateGroup--
--Output from test deleteGroup--
--Output from test getTask--
--Output from test addTask--
--Output from test updateTask--
--Output from test deleteTask--
--Output from test getMilestone--
--Output from test addMilestone--
--Output from test updateMilestone--
--Output from test deleteMilestone--
]]></system-out>
  <system-err><![CDATA[--Output from test home--
--Output from test gantt--
--Output from test gantt a user is logged in who is not the PM of this project--
--Output from test changePassword--
--Output from test addUser--
--Output from test addProject--
--Output from test getProject--
--Output from test updateProject--
--Output from test getGroup--
--Output from test addGroup--
--Output from test updateGroup--
--Output from test deleteGroup--
--Output from test getTask--
--Output from test addTask--
--Output from test updateTask--
--Output from test deleteTask--
--Output from test getMilestone--
--Output from test addMilestone--
--Output from test updateMilestone--
--Output from test deleteMilestone--
]]></system-err>
</testsuite>
