<?xml version="1.0" encoding="UTF-8" ?>
<testsuite errors="0" failures="0" hostname="Mahes-MacBook-Pro.local" name="com.quickpm.ProjectServiceSpec" tests="26" time="4.436" timestamp="2014-12-22T14:16:01">
  <properties />
  <testcase classname="com.quickpm.ProjectServiceSpec" name="test addProject" time="2.771" />
  <testcase classname="com.quickpm.ProjectServiceSpec" name="test addProject with invalid user" time="0.084" />
  <testcase classname="com.quickpm.ProjectServiceSpec" name="test addProject with user who is not a PM or ADMIN" time="0.081" />
  <testcase classname="com.quickpm.ProjectServiceSpec" name="test addProject with invalid dates" time="0.116" />
  <testcase classname="com.quickpm.ProjectServiceSpec" name="test updateProject" time="0.144" />
  <testcase classname="com.quickpm.ProjectServiceSpec" name="test updateProject with invalid project" time="0.089" />
  <testcase classname="com.quickpm.ProjectServiceSpec" name="test updateProject with invalid user" time="0.1" />
  <testcase classname="com.quickpm.ProjectServiceSpec" name="test updateProject with valid user who is not a PM" time="0.074" />
  <testcase classname="com.quickpm.ProjectServiceSpec" name="test updateProject with invalid dates" time="0.066" />
  <testcase classname="com.quickpm.ProjectServiceSpec" name="test deleteProject" time="0.072" />
  <testcase classname="com.quickpm.ProjectServiceSpec" name="test deleteProject with invalid project" time="0.037" />
  <testcase classname="com.quickpm.ProjectServiceSpec" name="test addGroup" time="0.072" />
  <testcase classname="com.quickpm.ProjectServiceSpec" name="test addGroup with invalid project" time="0.034" />
  <testcase classname="com.quickpm.ProjectServiceSpec" name="test addGroup with invalid dates" time="0.052" />
  <testcase classname="com.quickpm.ProjectServiceSpec" name="test addGroup with invalid start date" time="0.073" />
  <testcase classname="com.quickpm.ProjectServiceSpec" name="test addGroup with invalid end date" time="0.059" />
  <testcase classname="com.quickpm.ProjectServiceSpec" name="test updateGroup" time="0.063" />
  <testcase classname="com.quickpm.ProjectServiceSpec" name="test updateGroup with invalid task group" time="0.03" />
  <testcase classname="com.quickpm.ProjectServiceSpec" name="test updateGroup with invalid parent task group" time="0.051" />
  <testcase classname="com.quickpm.ProjectServiceSpec" name="test updateGroup with the current group as its own parent task group" time="0.051" />
  <testcase classname="com.quickpm.ProjectServiceSpec" name="test updateGroup with invalid project" time="0.054" />
  <testcase classname="com.quickpm.ProjectServiceSpec" name="test updateGroup with invalid dates" time="0.051" />
  <testcase classname="com.quickpm.ProjectServiceSpec" name="test updateGroup with start date before project start date" time="0.051" />
  <testcase classname="com.quickpm.ProjectServiceSpec" name="test updateGroup with end date after project end date" time="0.047" />
  <testcase classname="com.quickpm.ProjectServiceSpec" name="test deleteGroup" time="0.05" />
  <testcase classname="com.quickpm.ProjectServiceSpec" name="test deleteGroup with invalid task group id" time="0.025" />
  <system-out><![CDATA[--Output from test addProject--
--Output from test addProject with invalid user--
--Output from test addProject with user who is not a PM or ADMIN--
--Output from test addProject with invalid dates--
--Output from test updateProject--
--Output from test updateProject with invalid project--
--Output from test updateProject with invalid user--
--Output from test updateProject with valid user who is not a PM--
--Output from test updateProject with invalid dates--
--Output from test deleteProject--
--Output from test deleteProject with invalid project--
--Output from test addGroup--
addGroup - [groupName:Group of Tasks, startDate:12/10/2014, endDate:2/1/2015, percentageComplete:0, projectID:1]
--Output from test addGroup with invalid project--
addGroup - [groupName:Group of Tasks, startDate:12/10/2014, endDate:2/1/2015, percentageComplete:0, projectID:1]
--Output from test addGroup with invalid dates--
addGroup - [groupName:Group of Tasks, startDate:2/1/2015, endDate:12/10/2014, percentageComplete:0, projectID:1]
--Output from test addGroup with invalid start date--
addGroup - [groupName:Group of Tasks, startDate:12/1/2014, endDate:12/10/2014, percentageComplete:0, projectID:1]
--Output from test addGroup with invalid end date--
addGroup - [groupName:Group of Tasks, startDate:2/1/2015, endDate:02/30/2015, percentageComplete:0, projectID:1]
--Output from test updateGroup--
updateGroup - [groupID:1, groupName:Group of Tasks, startDate:12/10/2014, endDate:2/1/2015, percentageComplete:0, projectID:1]
--Output from test updateGroup with invalid task group--
updateGroup - [groupID:2]
--Output from test updateGroup with invalid parent task group--
updateGroup - [groupID:1, parentGroup:23]
--Output from test updateGroup with the current group as its own parent task group--
updateGroup - [groupID:1, parentGroup:1]
--Output from test updateGroup with invalid project--
updateGroup - [groupID:1, groupName:Group of Tasks, startDate:12/10/2014, endDate:2/1/2015, percentageComplete:0, projectID:4]
--Output from test updateGroup with invalid dates--
updateGroup - [groupID:1, groupName:Group of Tasks, startDate:2/10/2015, endDate:2/1/2015, percentageComplete:0, projectID:1]
--Output from test updateGroup with start date before project start date--
updateGroup - [groupID:1, groupName:Group of Tasks, startDate:12/1/2014, endDate:2/1/2015, percentageComplete:0, projectID:1]
--Output from test updateGroup with end date after project end date--
updateGroup - [groupID:1, groupName:Group of Tasks, startDate:12/11/2014, endDate:2/11/2015, percentageComplete:0, projectID:1]
--Output from test deleteGroup--
--Output from test deleteGroup with invalid task group id--
]]></system-out>
  <system-err><![CDATA[--Output from test addProject--
--Output from test addProject with invalid user--
--Output from test addProject with user who is not a PM or ADMIN--
--Output from test addProject with invalid dates--
--Output from test updateProject--
--Output from test updateProject with invalid project--
--Output from test updateProject with invalid user--
--Output from test updateProject with valid user who is not a PM--
--Output from test updateProject with invalid dates--
--Output from test deleteProject--
--Output from test deleteProject with invalid project--
--Output from test addGroup--
--Output from test addGroup with invalid project--
--Output from test addGroup with invalid dates--
--Output from test addGroup with invalid start date--
--Output from test addGroup with invalid end date--
--Output from test updateGroup--
--Output from test updateGroup with invalid task group--
--Output from test updateGroup with invalid parent task group--
--Output from test updateGroup with the current group as its own parent task group--
--Output from test updateGroup with invalid project--
--Output from test updateGroup with invalid dates--
--Output from test updateGroup with start date before project start date--
--Output from test updateGroup with end date after project end date--
--Output from test deleteGroup--
--Output from test deleteGroup with invalid task group id--
]]></system-err>
</testsuite>
